<?xml version="1.0" encoding="UTF-8"?>
<!-- Generated by org.testng.reporters.JUnitReportReporter -->
<testsuite hostname="srimokshams-MacBook-Air.local" failures="0" tests="2" name="Maveenpackage.partiallink" time="0.000" errors="0" timestamp="2023-08-23T12:27:35 IST" skipped="2">
  <testcase classname="Maveenpackage.partiallink" name="test2" time="0.000">
    <skipped/>
  </testcase> <!-- test2 -->
  <testcase classname="Maveenpackage.partiallink" name="test1" time="0.000">
    <skipped/>
  </testcase> <!-- test1 -->
</testsuite> <!-- Maveenpackage.partiallink -->
