<?xml version="1.0" encoding="UTF-8"?>
<!-- Generated by org.testng.reporters.JUnitReportReporter -->
<testsuite hostname="srimokshams-MacBook-Air.local" failures="0" tests="1" name="Maveenpackage.Amazon" time="14.661" errors="0" timestamp="2023-08-24T12:17:51 IST" skipped="0">
  <testcase classname="Maveenpackage.Amazon" name="navigatetoaccount" time="14.661"/>
</testsuite> <!-- Maveenpackage.Amazon -->
