<?xml version="1.0" encoding="UTF-8"?>
<!-- Generated by org.testng.reporters.JUnitReportReporter -->
<testsuite hostname="srimokshams-MacBook-Air.local" failures="0" tests="1" name="Maveenpackage.demo6" time="1.164" errors="0" timestamp="2023-08-15T18:32:19 IST" skipped="0">
  <testcase classname="Maveenpackage.demo6" name="test3" time="1.164"/>
</testsuite> <!-- Maveenpackage.demo6 -->
