<?xml version="1.0" encoding="UTF-8"?>
<!-- Generated by org.testng.reporters.JUnitReportReporter -->
<testsuite hostname="srimokshams-MacBook-Air.local" failures="0" tests="2" name="Maveenpackage.makemytrip" time="35.644" errors="0" timestamp="2023-08-24T12:20:50 IST" skipped="0">
  <testcase classname="Maveenpackage.makemytrip" name="radium" time="13.952"/>
  <testcase classname="Maveenpackage.makemytrip" name="searchbox" time="21.692"/>
</testsuite> <!-- Maveenpackage.makemytrip -->
