<?xml version="1.0" encoding="UTF-8"?>
<!-- Generated by org.testng.reporters.JUnitReportReporter -->
<testsuite hostname="srimokshams-MacBook-Air.local" failures="0" tests="1" name="Maveenpackage.datadriven" time="0.000" errors="0" timestamp="2023-08-23T12:27:35 IST" skipped="1">
  <testcase classname="Maveenpackage.datadriven" name="test1" time="0.000">
    <skipped/>
  </testcase> <!-- test1 -->
</testsuite> <!-- Maveenpackage.datadriven -->
