<?xml version="1.0" encoding="UTF-8"?>
<!-- Generated by org.testng.reporters.JUnitReportReporter -->
<testsuite hostname="srimokshams-MacBook-Air.local" failures="0" tests="1" name="Maveenpackage.Moneycontrol" time="0.000" errors="0" timestamp="2023-08-23T12:27:35 IST" skipped="1">
  <testcase classname="Maveenpackage.Moneycontrol" name="test" time="0.000">
    <skipped/>
  </testcase> <!-- test -->
</testsuite> <!-- Maveenpackage.Moneycontrol -->
