<?xml version="1.0" encoding="UTF-8"?>
<!-- Generated by org.testng.reporters.JUnitReportReporter -->
<testsuite hostname="srimokshams-MacBook-Air.local" failures="0" tests="1" name="Maveenpackage.Maketrip" time="38.174" errors="0" timestamp="2023-08-23T12:34:45 IST" skipped="0">
  <testcase classname="Maveenpackage.Maketrip" name="radium" time="38.174"/>
</testsuite> <!-- Maveenpackage.Maketrip -->
