<?xml version="1.0" encoding="UTF-8"?>
<!-- Generated by org.testng.reporters.JUnitReportReporter -->
<testsuite hostname="srimokshams-MacBook-Air.local" failures="0" tests="2" name="Maveenpackage.dataprovider" time="0.001" errors="0" timestamp="2023-08-23T12:27:35 IST" skipped="2">
  <testcase classname="Maveenpackage.dataprovider" name="login" time="0.000">
    <skipped/>
  </testcase> <!-- login -->
  <testcase classname="Maveenpackage.dataprovider" name="login" time="0.001">
    <skipped/>
  </testcase> <!-- login -->
</testsuite> <!-- Maveenpackage.dataprovider -->
