<?xml version="1.0" encoding="UTF-8"?>
<!-- Generated by org.testng.reporters.JUnitReportReporter -->
<testsuite hostname="srimokshams-MacBook-Air.local" failures="0" tests="1" name="Maveenpackage.demoqa" time="15.544" errors="0" timestamp="2023-08-24T12:16:21 IST" skipped="0">
  <testcase classname="Maveenpackage.demoqa" name="navigatetoaccount" time="15.544"/>
</testsuite> <!-- Maveenpackage.demoqa -->
