<?xml version="1.0" encoding="UTF-8"?>
<!-- Generated by org.testng.reporters.JUnitReportReporter -->
<testsuite hostname="srimokshams-MacBook-Air.local" failures="0" tests="3" name="Maveenpackage.Rahulshettyacademy" time="0.001" errors="0" timestamp="2023-08-23T12:27:35 IST" skipped="3">
  <testcase classname="Maveenpackage.Rahulshettyacademy" name="test3" time="0.000">
    <skipped/>
  </testcase> <!-- test3 -->
  <testcase classname="Maveenpackage.Rahulshettyacademy" name="suggestionclasseg" time="0.000">
    <skipped/>
  </testcase> <!-- suggestionclasseg -->
  <testcase classname="Maveenpackage.Rahulshettyacademy" name="radiobutton" time="0.001">
    <skipped/>
  </testcase> <!-- radiobutton -->
</testsuite> <!-- Maveenpackage.Rahulshettyacademy -->
