<?xml version="1.0" encoding="UTF-8"?>
<!-- Generated by org.testng.reporters.JUnitReportReporter -->
<testsuite hostname="srimokshams-MacBook-Air.local" failures="0" tests="1" name="Maveenpackage.ORGHM" time="0.503" errors="0" timestamp="2023-08-23T15:12:07 IST" skipped="0">
  <testcase classname="Maveenpackage.ORGHM" name="Tes1" time="0.503"/>
</testsuite> <!-- Maveenpackage.ORGHM -->
