<?xml version="1.0" encoding="UTF-8"?>
<!-- Generated by org.testng.reporters.JUnitReportReporter -->
<testsuite hostname="srimokshams-MacBook-Air.local" failures="0" tests="1" name="Maveenpackage.demo12" time="8.751" errors="0" timestamp="2023-08-15T19:16:43 IST" skipped="0">
  <testcase classname="Maveenpackage.demo12" name="test" time="8.751"/>
</testsuite> <!-- Maveenpackage.demo12 -->
